  particleSystem.cpp
c:\users\cwuu\desktop\animator\particlesystem.cpp(53): warning C4244: 'argument': conversion from 'double' to 'GLfloat', possible loss of data
c:\users\cwuu\desktop\animator\particlesystem.cpp(66): warning C4244: 'argument': conversion from 'time_t' to 'unsigned int', possible loss of data
c:\users\cwuu\desktop\animator\particlesystem.cpp(147): warning C4018: '<': signed/unsigned mismatch
c:\users\cwuu\desktop\animator\particlesystem.cpp(149): warning C4018: '<': signed/unsigned mismatch
c:\users\cwuu\desktop\animator\particlesystem.cpp(191): warning C4018: '<': signed/unsigned mismatch
c:\users\cwuu\desktop\animator\particlesystem.cpp(231): warning C4018: '<': signed/unsigned mismatch
c:\users\cwuu\desktop\animator\particlesystem.cpp(277): warning C4018: '<': signed/unsigned mismatch
  Generating Code...
  Compiling...
  robotarm.cpp
c:\users\cwuu\desktop\animator\subdivisionsurface.h(12): warning C4005: 'M_PI': macro redefinition
  c:\users\cwuu\desktop\animator\modelerglobals.h(5): note: see previous definition of 'M_PI'
c:\users\cwuu\desktop\animator\subdivisionsurface.h(36): warning C4018: '<': signed/unsigned mismatch
c:\users\cwuu\desktop\animator\subdivisionsurface.h(63): warning C4018: '>': signed/unsigned mismatch
c:\users\cwuu\desktop\animator\subdivisionsurface.h(85): warning C4553: '==': operator has no effect; did you intend '='?
c:\users\cwuu\desktop\animator\subdivisionsurface.h(86): warning C4553: '==': operator has no effect; did you intend '='?
c:\users\cwuu\desktop\animator\robotarm.cpp(127): warning C4805: '==': unsafe mix of type 'double' and type 'bool' in operation
c:\users\cwuu\desktop\animator\robotarm.cpp(151): warning C4838: conversion from 'double' to 'GLfloat' requires a narrowing conversion
c:\users\cwuu\desktop\animator\robotarm.cpp(152): warning C4838: conversion from 'double' to 'GLfloat' requires a narrowing conversion
c:\users\cwuu\desktop\animator\robotarm.cpp(153): warning C4838: conversion from 'double' to 'GLfloat' requires a narrowing conversion
c:\users\cwuu\desktop\animator\robotarm.cpp(154): warning C4838: conversion from 'double' to 'GLfloat' requires a narrowing conversion
c:\users\cwuu\desktop\animator\robotarm.cpp(721): warning C4805: '==': unsafe mix of type 'double' and type 'bool' in operation
c:\users\cwuu\desktop\animator\robotarm.cpp(783): warning C4805: '==': unsafe mix of type 'double' and type 'bool' in operation
c:\users\cwuu\desktop\animator\robotarm.cpp(792): warning C4805: '==': unsafe mix of type 'double' and type 'bool' in operation
c:\users\cwuu\desktop\animator\robotarm.cpp(823): warning C4805: '==': unsafe mix of type 'double' and type 'bool' in operation
c:\users\cwuu\desktop\animator\robotarm.cpp(835): warning C4805: '==': unsafe mix of type 'double' and type 'bool' in operation
c:\users\cwuu\desktop\animator\robotarm.cpp(874): warning C4805: '==': unsafe mix of type 'double' and type 'bool' in operation
c:\users\cwuu\desktop\animator\robotarm.cpp(901): warning C4805: '==': unsafe mix of type 'double' and type 'bool' in operation
c:\users\cwuu\desktop\animator\robotarm.cpp(913): warning C4805: '==': unsafe mix of type 'double' and type 'bool' in operation
c:\users\cwuu\desktop\animator\robotarm.cpp(928): warning C4805: '==': unsafe mix of type 'double' and type 'bool' in operation
c:\users\cwuu\desktop\animator\robotarm.cpp(969): warning C4805: '==': unsafe mix of type 'double' and type 'bool' in operation
c:\users\cwuu\desktop\animator\robotarm.cpp(975): warning C4805: '==': unsafe mix of type 'double' and type 'bool' in operation
c:\users\cwuu\desktop\animator\robotarm.cpp(1051): warning C4805: '==': unsafe mix of type 'double' and type 'bool' in operation
c:\users\cwuu\desktop\animator\robotarm.cpp(1058): warning C4805: '==': unsafe mix of type 'double' and type 'bool' in operation
  modelerview.cpp
  modelerui.cpp
c:\users\cwuu\desktop\animator\modelerui.cpp : fatal error C1083: Cannot open compiler generated file: '.\Debug\modelerui.sbr': Permission denied
  modelerapp.cpp
c:\users\cwuu\desktop\animator\modelerapp.cpp(41): warning C4996: 'strncpy': This function or variable may be unsafe. Consider using strncpy_s instead. To disable deprecation, use _CRT_SECURE_NO_WARNINGS. See online help for details.
  c:\program files (x86)\windows kits\10\include\10.0.10240.0\ucrt\string.h(346): note: see declaration of 'strncpy'
c:\users\cwuu\desktop\animator\modelerapp.cpp(132): warning C4244: 'argument': conversion from 'double' to 'float', possible loss of data
  Generating Code...
