c:\users\cktang\desktop\aniskels17\debug\animator.bsc
c:\users\cktang\desktop\aniskels17\debug\vc140.pdb
c:\users\cktang\desktop\aniskels17\debug\vc140.idb
c:\users\cktang\desktop\aniskels17\debug\rulerwindow.sbr
c:\users\cktang\desktop\aniskels17\debug\rect.sbr
c:\users\cktang\desktop\aniskels17\debug\indicatorwindow.sbr
c:\users\cktang\desktop\aniskels17\debug\graphwidget.sbr
c:\users\cktang\desktop\aniskels17\debug\pointobj.sbr
c:\users\cktang\desktop\aniskels17\debug\point.sbr
c:\users\cktang\desktop\aniskels17\debug\particlesystem.sbr
c:\users\cktang\desktop\aniskels17\debug\particle.sbr
c:\users\cktang\desktop\aniskels17\debug\bitmap.sbr
c:\users\cktang\desktop\aniskels17\debug\robotarm.sbr
c:\users\cktang\desktop\aniskels17\debug\modelerview.sbr
c:\users\cktang\desktop\aniskels17\debug\modeleruiwindows.sbr
c:\users\cktang\desktop\aniskels17\debug\modelerui.sbr
c:\users\cktang\desktop\aniskels17\debug\modelerdraw.sbr
c:\users\cktang\desktop\aniskels17\debug\modelerapp.sbr
c:\users\cktang\desktop\aniskels17\debug\camera.sbr
c:\users\cktang\desktop\aniskels17\debug\linearcurveevaluator.sbr
c:\users\cktang\desktop\aniskels17\debug\curveevaluator.sbr
c:\users\cktang\desktop\aniskels17\debug\curve.sbr
c:\users\cktang\desktop\aniskels17\debug\curve.obj
c:\users\cktang\desktop\aniskels17\debug\curveevaluator.obj
c:\users\cktang\desktop\aniskels17\debug\linearcurveevaluator.obj
c:\users\cktang\desktop\aniskels17\debug\camera.obj
c:\users\cktang\desktop\aniskels17\debug\modelerapp.obj
c:\users\cktang\desktop\aniskels17\debug\modelerdraw.obj
c:\users\cktang\desktop\aniskels17\debug\modelerui.obj
c:\users\cktang\desktop\aniskels17\debug\modeleruiwindows.obj
c:\users\cktang\desktop\aniskels17\debug\modelerview.obj
c:\users\cktang\desktop\aniskels17\debug\robotarm.obj
c:\users\cktang\desktop\aniskels17\debug\bitmap.obj
c:\users\cktang\desktop\aniskels17\debug\particle.obj
c:\users\cktang\desktop\aniskels17\debug\particlesystem.obj
c:\users\cktang\desktop\aniskels17\debug\point.obj
c:\users\cktang\desktop\aniskels17\debug\pointobj.obj
c:\users\cktang\desktop\aniskels17\debug\graphwidget.obj
c:\users\cktang\desktop\aniskels17\debug\indicatorwindow.obj
c:\users\cktang\desktop\aniskels17\debug\rect.obj
c:\users\cktang\desktop\aniskels17\debug\rulerwindow.obj
c:\users\cktang\desktop\aniskels17\debug\modeler.ilk
c:\users\cktang\desktop\aniskels17\debug\modeler.exe
c:\users\cktang\desktop\aniskels17\debug\animator.pdb
c:\users\cktang\desktop\aniskels17\.\debug\modeler.exe
c:\users\cktang\desktop\aniskels17\debug\modeler.tlog\bscmake.command.1.tlog
c:\users\cktang\desktop\aniskels17\debug\modeler.tlog\bscmake.read.1.tlog
c:\users\cktang\desktop\aniskels17\debug\modeler.tlog\bscmake.write.1.tlog
c:\users\cktang\desktop\aniskels17\debug\modeler.tlog\cl.command.1.tlog
c:\users\cktang\desktop\aniskels17\debug\modeler.tlog\cl.read.1.tlog
c:\users\cktang\desktop\aniskels17\debug\modeler.tlog\cl.write.1.tlog
c:\users\cktang\desktop\aniskels17\debug\modeler.tlog\link.command.1.tlog
c:\users\cktang\desktop\aniskels17\debug\modeler.tlog\link.read.1.tlog
c:\users\cktang\desktop\aniskels17\debug\modeler.tlog\link.write.1.tlog
